<?xml version="1.0" encoding="UTF-8"?>
<!-- Generated by org.testng.reporters.JUnitXMLReporter -->
<testsuite ignored="6" hostname="Hemanth" failures="0" tests="4" name="Test" time="163.252" errors="0" timestamp="2022-08-18T11:02:02 IST">
  <testcase classname="com.AdminModule2TestCasess.RegisterIndividualRoomAndVerifyInListPage" name="register" time="37.19"/>
  <testcase classname="com.AdminModule2TestCasess.RegisterAppartmentAndVerifyInDetailsPage" name="appartment" time="6.831"/>
  <testcase classname="com.AdminModule2TestCasess.RegisterComplaintOnAnyOwnerAndVeriflyInComplaintList" name="complaint" time="17.259"/>
  <testcase classname="com.AdminModule2TestCasess.RegisterRoomASOccupiedAndVeriflyInDetailsList" name="details" time="35.895"/>
  <testcase classname="com.realestate.paramountProperty.gennericUtility.BaseClass" name="@BeforeSuite configureBS" time="0.0">
    <ignored/>
  </testcase> <!-- @BeforeSuite configureBS -->
  <testcase classname="com.realestate.paramountProperty.gennericUtility.BaseClass" name="@BeforeSuite configureBS" time="0.0">
    <ignored/>
  </testcase> <!-- @BeforeSuite configureBS -->
  <testcase classname="com.realestate.paramountProperty.gennericUtility.BaseClass" name="@BeforeSuite configureBS" time="0.0">
    <ignored/>
  </testcase> <!-- @BeforeSuite configureBS -->
  <testcase classname="com.realestate.paramountProperty.gennericUtility.BaseClass" name="@AfterSuite configureAS" time="0.0">
    <ignored/>
  </testcase> <!-- @AfterSuite configureAS -->
  <testcase classname="com.realestate.paramountProperty.gennericUtility.BaseClass" name="@AfterSuite configureAS" time="0.0">
    <ignored/>
  </testcase> <!-- @AfterSuite configureAS -->
  <testcase classname="com.realestate.paramountProperty.gennericUtility.BaseClass" name="@AfterSuite configureAS" time="0.0">
    <ignored/>
  </testcase> <!-- @AfterSuite configureAS -->
</testsuite> <!-- Test -->
