<?xml version="1.0" encoding="UTF-8"?>
<!-- Generated by org.testng.reporters.JUnitXMLReporter -->
<testsuite ignored="0" hostname="Hemanth" failures="0" tests="4" name="Default test" time="0.258" errors="0" timestamp="2022-08-19T11:56:17 IST">
  <testcase classname="com.Practice.Practice4" name="ok" time="0.015">
    <skipped/>
  </testcase> <!-- ok -->
  <testcase classname="com.Practice.Practice4" name="ok" time="0.004">
    <skipped/>
  </testcase> <!-- ok -->
  <testcase classname="com.Practice.Practice4" name="ok" time="0.009">
    <skipped/>
  </testcase> <!-- ok -->
  <testcase classname="com.Practice.Practice4" name="ok" time="0.008">
    <skipped/>
  </testcase> <!-- ok -->
</testsuite> <!-- Default test -->
