<?xml version="1.0" encoding="UTF-8"?>
<!-- Generated by org.testng.reporters.JUnitXMLReporter -->
<testsuite ignored="2" hostname="Hemanth" failures="0" tests="2" name="TestRunner2" time="61.381" errors="0" timestamp="2022-08-17T16:56:53 IST">
  <testcase classname="com.AdminModule2TestCasess.RegisterComplaintOnAnyOwnerAndVeriflyInComplaintList" name="complaint" time="14.956"/>
  <testcase classname="com.AdminModule2TestCasess.RegisterRoomASOccupiedAndVeriflyInDetailsList" name="details" time="18.582"/>
  <testcase classname="com.realestate.paramountProperty.gennericUtility.BaseClass" name="@BeforeSuite configureBS" time="0.0">
    <ignored/>
  </testcase> <!-- @BeforeSuite configureBS -->
  <testcase classname="com.realestate.paramountProperty.gennericUtility.BaseClass" name="@AfterSuite configureAS" time="0.0">
    <ignored/>
  </testcase> <!-- @AfterSuite configureAS -->
</testsuite> <!-- TestRunner2 -->
