<?xml version="1.0" encoding="UTF-8"?>
<!-- Generated by org.testng.reporters.JUnitXMLReporter -->
<testsuite ignored="8" hostname="Hemanth" failures="0" tests="2" name="Test" time="55.574" errors="0" timestamp="2022-08-17T17:41:42 IST">
  <testcase classname="com.AdminModule2TestCasess.RegisterComplaintOnAnyOwnerAndVeriflyInComplaintList" name="complaint" time="11.2"/>
  <testcase classname="com.AdminModule2TestCasess.RegisterRoomASOccupiedAndVeriflyInDetailsList" name="details" time="19.783"/>
  <testcase classname="com.realestate.paramountProperty.gennericUtility.BaseClass" name="@BeforeSuite configureBS" time="0.0">
    <ignored/>
  </testcase> <!-- @BeforeSuite configureBS -->
  <testcase classname="com.realestate.paramountProperty.gennericUtility.BaseClass" name="@BeforeSuite configureBS" time="0.0">
    <ignored/>
  </testcase> <!-- @BeforeSuite configureBS -->
  <testcase classname="com.realestate.paramountProperty.gennericUtility.BaseClass" name="@BeforeSuite configureBS" time="0.0">
    <ignored/>
  </testcase> <!-- @BeforeSuite configureBS -->
  <testcase classname="com.AdminModule2TestCasess.RegisterIndividualRoomAndVerifyInListPage" name="register" time="0.0">
    <ignored/>
  </testcase> <!-- register -->
  <testcase classname="com.AdminModule2TestCasess.RegisterAppartmentAndVerifyInDetailsPage" name="appartment" time="0.0">
    <ignored/>
  </testcase> <!-- appartment -->
  <testcase classname="com.realestate.paramountProperty.gennericUtility.BaseClass" name="@AfterSuite configureAS" time="0.0">
    <ignored/>
  </testcase> <!-- @AfterSuite configureAS -->
  <testcase classname="com.realestate.paramountProperty.gennericUtility.BaseClass" name="@AfterSuite configureAS" time="0.0">
    <ignored/>
  </testcase> <!-- @AfterSuite configureAS -->
  <testcase classname="com.realestate.paramountProperty.gennericUtility.BaseClass" name="@AfterSuite configureAS" time="0.0">
    <ignored/>
  </testcase> <!-- @AfterSuite configureAS -->
</testsuite> <!-- Test -->
