<?xml version="1.0" encoding="UTF-8"?>
<!-- Generated by org.testng.reporters.JUnitXMLReporter -->
<testsuite ignored="6" hostname="Hemanth" failures="0" tests="4" name="Test" time="136.011" errors="0" timestamp="2022-08-18T12:17:34 IST">
  <testcase classname="com.AdminModule2TestCasess.RegisterIndividualRoomAndVerifyInListPage" name="register" time="17.432"/>
  <testcase classname="com.AdminModule2TestCasess.RegisterAppartmentAndVerifyInDetailsPage" name="appartment" time="5.382"/>
  <testcase classname="com.AdminModule2TestCasess.RegisterComplaintOnAnyOwnerAndVeriflyInComplaintList" name="complaint" time="11.492"/>
  <testcase classname="com.AdminModule2TestCasess.RegisterRoomASOccupiedAndVeriflyInDetailsList" name="details" time="26.178"/>
  <testcase classname="com.realestate.paramountProperty.gennericUtility.BaseClass" name="@BeforeSuite configureBS" time="0.0">
    <ignored/>
  </testcase> <!-- @BeforeSuite configureBS -->
  <testcase classname="com.realestate.paramountProperty.gennericUtility.BaseClass" name="@BeforeSuite configureBS" time="0.0">
    <ignored/>
  </testcase> <!-- @BeforeSuite configureBS -->
  <testcase classname="com.realestate.paramountProperty.gennericUtility.BaseClass" name="@BeforeSuite configureBS" time="0.0">
    <ignored/>
  </testcase> <!-- @BeforeSuite configureBS -->
  <testcase classname="com.realestate.paramountProperty.gennericUtility.BaseClass" name="@AfterSuite configureAS" time="0.0">
    <ignored/>
  </testcase> <!-- @AfterSuite configureAS -->
  <testcase classname="com.realestate.paramountProperty.gennericUtility.BaseClass" name="@AfterSuite configureAS" time="0.0">
    <ignored/>
  </testcase> <!-- @AfterSuite configureAS -->
  <testcase classname="com.realestate.paramountProperty.gennericUtility.BaseClass" name="@AfterSuite configureAS" time="0.0">
    <ignored/>
  </testcase> <!-- @AfterSuite configureAS -->
</testsuite> <!-- Test -->
