<?xml version="1.0" encoding="UTF-8"?>
<!-- Generated by org.testng.reporters.JUnitXMLReporter -->
<testsuite ignored="2" hostname="Hemanth" failures="0" tests="2" name="Test" time="57.389" errors="0" timestamp="2022-08-17T14:31:50 IST">
  <testcase classname="com.AdminModule2TestCasess.SmokeTest" name="RegisterIndividualRoomAndVerifyInListPage" time="12.053"/>
  <testcase classname="com.AdminModule2TestCasess.SmokeTest" name="RegisterRoomASOccupiedAndVeriflyInDetailsList" time="15.775"/>
  <testcase classname="com.AdminModule2TestCasess.SmokeTest" name="RegisterAppartmentAndVerifyInDetailsPage" time="0.0">
    <ignored/>
  </testcase> <!-- RegisterAppartmentAndVerifyInDetailsPage -->
  <testcase classname="com.AdminModule2TestCasess.SmokeTest" name="RegisterComplaintOnAnyOwnerAndVeriflyInComplaintList" time="0.0">
    <ignored/>
  </testcase> <!-- RegisterComplaintOnAnyOwnerAndVeriflyInComplaintList -->
</testsuite> <!-- Test -->
